Copyright 1986-2016 Xilinx, Inc. All Rights Reserved.
------------------------------------------------------------------------------------
| Tool Version : Vivado v.2016.4 (win64) Build 1756540 Mon Jan 23 19:11:23 MST 2017
| Date         : Tue Jan 16 14:32:23 2024
| Host         : ASUS running 64-bit major release  (build 9200)
| Command      : report_control_sets -verbose -file display_control_sets_placed.rpt
| Design       : display
| Device       : xc7a35t
------------------------------------------------------------------------------------

Control Set Information

Table of Contents
-----------------
1. Summary
2. Flip-Flop Distribution
3. Detailed Control Set Information

1. Summary
----------

+----------------------------------------------------------+-------+
|                          Status                          | Count |
+----------------------------------------------------------+-------+
| Number of unique control sets                            |     3 |
| Unused register locations in slices containing registers |    12 |
+----------------------------------------------------------+-------+


2. Flip-Flop Distribution
-------------------------

+--------------+-----------------------+------------------------+-----------------+--------------+
| Clock Enable | Synchronous Set/Reset | Asynchronous Set/Reset | Total Registers | Total Slices |
+--------------+-----------------------+------------------------+-----------------+--------------+
| No           | No                    | No                     |              18 |            6 |
| No           | No                    | Yes                    |              24 |            7 |
| No           | Yes                   | No                     |               0 |            0 |
| Yes          | No                    | No                     |               2 |            1 |
| Yes          | No                    | Yes                    |               0 |            0 |
| Yes          | Yes                   | No                     |               0 |            0 |
+--------------+-----------------------+------------------------+-----------------+--------------+


3. Detailed Control Set Information
-----------------------------------

+--------------------------+------------------+-------------------+------------------+----------------+
|       Clock Signal       |   Enable Signal  |  Set/Reset Signal | Slice Load Count | Bel Load Count |
+--------------------------+------------------+-------------------+------------------+----------------+
|  clk_IBUF_BUFG           | ssd_portmap/E[0] |                   |                1 |              2 |
|  clk_IBUF_BUFG           |                  |                   |                6 |             18 |
|  mpg_portmap/reg3_reg[7] |                  | mpg_portmap/AR[0] |                7 |             24 |
+--------------------------+------------------+-------------------+------------------+----------------+


+--------+-----------------------+
| Fanout | Number of ControlSets |
+--------+-----------------------+
| 2      |                     1 |
| 16+    |                     2 |
+--------+-----------------------+


